* using log directory 'd:/RCompile/CRANguest/R-release/RobStatTM.Rcheck'
* using R version 3.5.1 (2018-07-02)
* using platform: x86_64-w64-mingw32 (64-bit)
* using session charset: ISO8859-1
* checking for file 'RobStatTM/DESCRIPTION' ... OK
* this is package 'RobStatTM' version '0.1'
* package encoding: UTF-8
* checking CRAN incoming feasibility ... NOTE
Maintainer: 'Matias Salibian-Barrera <matias@stat.ubc.ca>'

New submission

Possibly mis-spelled words in DESCRIPTION:
  Yohai (8:192)

Found the following (possibly) invalid URLs:
  URL: http://thebook
    From: man/BYlogreg.Rd
          man/DCML.Rd
          man/INVTR2.Rd
          man/KurtSDNew.Rd
          man/MLocDis.Rd
          man/MMPY.Rd
          man/MMultiSHR.Rd
          man/MultiRobu.Rd
          man/RockeMulti.Rd
          man/SMPCA.Rd
          man/SMPY.Rd
          man/ShinyUI.Rd
          man/WBYlogreg.Rd
          man/WMLlogreg.Rd
          man/drop1.lmrobdetMM.Rd
          man/fastmve.Rd
          man/lmrobM.Rd
          man/lmrobdetDCML.Rd
          man/lmrobdetMM.RFPE.Rd
          man/lmrobdetMM.Rd
          man/rob.linear.test.Rd
          man/step.lmrobdetMM.Rd
    Status: Error
    Message: libcurl error code 6:
      	Could not resolve host: thebook

The Date field is over a month old.
* checking package namespace information ... OK
* checking package dependencies ... OK
* checking if this is a source package ... OK
* checking if there is a namespace ... OK
* checking for hidden files and directories ... OK
* checking for portable file names ... OK
* checking serialization versions ... OK
* checking whether package 'RobStatTM' can be installed ... OK
* checking installed package size ... OK
* checking package directory ... OK
* checking DESCRIPTION meta-information ... NOTE
Author field differs from that derived from Authors@R
  Author:    'Matias Salibian-Barrera [aut] (lmrob orig.), Victor Yohai [aut], Ricardo Maronna, Doug Martin, Gregory Brownson, Kjell Konis'
  Authors@R: 'Matias Salibian-Barrera [aut, cre], Victor Yhoai [aut]'

* checking top-level files ... NOTE
File
  LICENSE
is not mentioned in the DESCRIPTION file.
Non-standard file/directory found at top level:
  'Examples'
* checking for left-over files ... OK
* checking index information ... OK
* checking package subdirectories ... OK
* checking R files for non-ASCII characters ... OK
* checking R files for syntax errors ... OK
* loading checks for arch 'i386'
** checking whether the package can be loaded ... OK
** checking whether the package can be loaded with stated dependencies ... OK
** checking whether the package can be unloaded cleanly ... OK
** checking whether the namespace can be loaded with stated dependencies ... OK
** checking whether the namespace can be unloaded cleanly ... OK
** checking loading without being on the library search path ... OK
** checking use of S3 registration ... OK
* loading checks for arch 'x64'
** checking whether the package can be loaded ... OK
** checking whether the package can be loaded with stated dependencies ... OK
** checking whether the package can be unloaded cleanly ... OK
** checking whether the namespace can be loaded with stated dependencies ... OK
** checking whether the namespace can be unloaded cleanly ... OK
** checking loading without being on the library search path ... OK
** checking use of S3 registration ... OK
* checking dependencies in R code ... OK
* checking S3 generic/method consistency ... OK
* checking replacement functions ... OK
* checking foreign function calls ... OK
* checking R code for possible problems ... [13s] OK
* checking Rd files ... OK
* checking Rd metadata ... OK
* checking Rd line widths ... OK
* checking Rd cross-references ... OK
* checking for missing documentation entries ... OK
* checking for code/documentation mismatches ... OK
* checking Rd \usage sections ... OK
* checking Rd contents ... OK
* checking for unstated dependencies in examples ... OK
* checking contents of 'data' directory ... OK
* checking data for non-ASCII characters ... OK
* checking data for ASCII and uncompressed saves ... OK
* checking line endings in C/C++/Fortran sources/headers ... OK
* checking line endings in Makefiles ... OK
* checking compilation flags in Makevars ... OK
* checking for GNU extensions in Makefiles ... OK
* checking for portable use of $(BLAS_LIBS) and $(LAPACK_LIBS) ... OK
* checking pragmas in C/C++ headers and code ... OK
* checking compiled code ... OK
* checking examples ...
** running examples for arch 'i386' ... [1s] OK
** running examples for arch 'x64' ... [1s] OK
* checking PDF version of manual ... OK
* DONE
Status: 3 NOTEs
