* installing *source* package 'RobStatTM' ...
** libs

*** arch - i386
d:/Compiler/gcc-4.9.3/mingw_32/bin/gcc  -I"D:/RCompile/recent/R-3.5.1/include" -DNDEBUG     -I"d:/Compiler/gcc-4.9.3/local330/include"     -O3 -Wall  -std=gnu99 -mtune=core2 -c erfz.c -o erfz.o
d:/Compiler/gcc-4.9.3/mingw_32/bin/gcc  -I"D:/RCompile/recent/R-3.5.1/include" -DNDEBUG     -I"d:/Compiler/gcc-4.9.3/local330/include"     -O3 -Wall  -std=gnu99 -mtune=core2 -c fastmve.c -o fastmve.o
d:/Compiler/gcc-4.9.3/mingw_32/bin/gcc  -I"D:/RCompile/recent/R-3.5.1/include" -DNDEBUG     -I"d:/Compiler/gcc-4.9.3/local330/include"     -O3 -Wall  -std=gnu99 -mtune=core2 -c init.c -o init.o
d:/Compiler/gcc-4.9.3/mingw_32/bin/gcc  -I"D:/RCompile/recent/R-3.5.1/include" -DNDEBUG     -I"d:/Compiler/gcc-4.9.3/local330/include"     -O3 -Wall  -std=gnu99 -mtune=core2 -c lmrob.c -o lmrob.o
d:/Compiler/gcc-4.9.3/mingw_32/bin/gfortran      -O3  -mtune=core2 -c rllarsbi.f -o rllarsbi.o
d:/Compiler/gcc-4.9.3/mingw_32/bin/gcc -shared -s -static-libgcc -o RobStatTM.dll tmp.def erfz.o fastmve.o init.o lmrob.o rllarsbi.o -LD:/RCompile/recent/R-3.5.1/bin/i386 -lRlapack -LD:/RCompile/recent/R-3.5.1/bin/i386 -lRblas -lgfortran -lm -lquadmath -Ld:/Compiler/gcc-4.9.3/local330/lib/i386 -Ld:/Compiler/gcc-4.9.3/local330/lib -lgfortran -lm -lquadmath -LD:/RCompile/recent/R-3.5.1/bin/i386 -lR
installing to d:/RCompile/CRANguest/R-release/lib/RobStatTM/libs/i386

*** arch - x64
d:/Compiler/gcc-4.9.3/mingw_64/bin/gcc -m64 -I"D:/RCompile/recent/R-3.5.1/include" -DNDEBUG     -I"d:/Compiler/gcc-4.9.3/local330/include"     -O2 -Wall  -std=gnu99 -mtune=core2 -c erfz.c -o erfz.o
d:/Compiler/gcc-4.9.3/mingw_64/bin/gcc -m64 -I"D:/RCompile/recent/R-3.5.1/include" -DNDEBUG     -I"d:/Compiler/gcc-4.9.3/local330/include"     -O2 -Wall  -std=gnu99 -mtune=core2 -c fastmve.c -o fastmve.o
d:/Compiler/gcc-4.9.3/mingw_64/bin/gcc -m64 -I"D:/RCompile/recent/R-3.5.1/include" -DNDEBUG     -I"d:/Compiler/gcc-4.9.3/local330/include"     -O2 -Wall  -std=gnu99 -mtune=core2 -c init.c -o init.o
d:/Compiler/gcc-4.9.3/mingw_64/bin/gcc -m64 -I"D:/RCompile/recent/R-3.5.1/include" -DNDEBUG     -I"d:/Compiler/gcc-4.9.3/local330/include"     -O2 -Wall  -std=gnu99 -mtune=core2 -c lmrob.c -o lmrob.o
d:/Compiler/gcc-4.9.3/mingw_64/bin/gfortran -m64     -O2  -mtune=core2 -c rllarsbi.f -o rllarsbi.o
d:/Compiler/gcc-4.9.3/mingw_64/bin/gcc -m64 -shared -s -static-libgcc -o RobStatTM.dll tmp.def erfz.o fastmve.o init.o lmrob.o rllarsbi.o -LD:/RCompile/recent/R-3.5.1/bin/x64 -lRlapack -LD:/RCompile/recent/R-3.5.1/bin/x64 -lRblas -lgfortran -lm -lquadmath -Ld:/Compiler/gcc-4.9.3/local330/lib/x64 -Ld:/Compiler/gcc-4.9.3/local330/lib -lgfortran -lm -lquadmath -LD:/RCompile/recent/R-3.5.1/bin/x64 -lR
installing to d:/RCompile/CRANguest/R-release/lib/RobStatTM/libs/x64
** R
** data
*** moving datasets to lazyload DB
** inst
** byte-compile and prepare package for lazy loading
** help
*** installing help indices
** building package indices
** testing if installed package can be loaded
*** arch - i386
*** arch - x64
* MD5 sums
packaged installation of 'RobStatTM' as RobStatTM_0.1.zip
* DONE (RobStatTM)
In R CMD INSTALL
